10:45:43 main ERROR com.huawei.Main.main(14) please input args: inputFilePath, resultFilePath
11:20:08 main ERROR huawei.Main.main(13) please input args: inputFilePath, resultFilePath
22:08:10 main ERROR huawei.Main.main(13) please input args: inputFilePath, resultFilePath
22:09:07 main INFO huawei.Main.main(17) Start...
22:09:35 main INFO huawei.Main.main(29) carPath = Data/car.txt roadPath = Data/road.txt crossPath = Data/cross.txt and answerPath = Data/answer.txt
22:09:35 main INFO huawei.Main.main(32) start read input files
22:09:35 main INFO huawei.Main.main(37) Start write output file
22:09:35 main INFO huawei.Main.main(39) End...
22:09:52 main INFO huawei.Main.main(17) Start...
22:11:00 main INFO huawei.Main.main(29) carPath = Data/car.txt roadPath = Data/road.txt crossPath = Data/cross.txt and answerPath = Data/answer.txt
22:11:00 main INFO huawei.Main.main(32) start read input files
22:11:00 main INFO huawei.Main.main(37) Start write output file
22:11:00 main INFO huawei.Main.main(39) End...
22:15:50 main INFO huawei.Main.main(17) Start...
22:15:58 main INFO huawei.Main.main(29) carPath = Data/car.txt roadPath = Data/road.txt crossPath = Data/cross.txt and answerPath = Data/answer.txt
22:15:58 main INFO huawei.Main.main(32) start read input files
22:15:58 main INFO huawei.Main.main(37) Start write output file
22:15:58 main INFO huawei.Main.main(39) End...
22:16:05 main INFO huawei.Main.main(17) Start...
22:16:19 main INFO huawei.Main.main(29) carPath = Data/car.txt roadPath = Data/road.txt crossPath = Data/cross.txt and answerPath = Data/answer.txt
22:16:19 main INFO huawei.Main.main(32) start read input files
22:16:19 main INFO huawei.Main.main(37) Start write output file
22:16:19 main INFO huawei.Main.main(39) End...
22:16:22 main INFO huawei.Main.main(17) Start...
22:17:34 main INFO huawei.Main.main(29) carPath = Data/car.txt roadPath = Data/road.txt crossPath = Data/cross.txt and answerPath = Data/answer.txt
22:17:34 main INFO huawei.Main.main(32) start read input files
22:17:34 main INFO huawei.Main.main(37) Start write output file
22:17:34 main INFO huawei.Main.main(39) End...
22:17:38 main INFO huawei.Main.main(17) Start...
22:18:46 main INFO huawei.Main.main(29) carPath = Data/car.txt roadPath = Data/road.txt crossPath = Data/cross.txt and answerPath = Data/answer.txt
22:18:46 main INFO huawei.Main.main(32) start read input files
22:18:46 main INFO huawei.Main.main(37) Start write output file
22:18:46 main INFO huawei.Main.main(39) End...
22:18:49 main INFO huawei.Main.main(17) Start...
22:19:24 main INFO huawei.Main.main(29) carPath = Data/car.txt roadPath = Data/road.txt crossPath = Data/cross.txt and answerPath = Data/answer.txt
22:19:24 main INFO huawei.Main.main(32) start read input files
22:19:24 main INFO huawei.Main.main(37) Start write output file
22:19:24 main INFO huawei.Main.main(39) End...
22:19:27 main INFO huawei.Main.main(17) Start...
22:19:37 main INFO huawei.Main.main(29) carPath = Data/car.txt roadPath = Data/road.txt crossPath = Data/cross.txt and answerPath = Data/answer.txt
22:19:37 main INFO huawei.Main.main(32) start read input files
22:19:37 main INFO huawei.Main.main(37) Start write output file
22:19:37 main INFO huawei.Main.main(39) End...
22:20:17 main INFO huawei.Main.main(17) Start...
22:21:18 main INFO huawei.Main.main(29) carPath = Data/car.txt roadPath = Data/road.txt crossPath = Data/cross.txt and answerPath = Data/answer.txt
22:21:18 main INFO huawei.Main.main(32) start read input files
22:21:18 main INFO huawei.Main.main(37) Start write output file
22:21:18 main INFO huawei.Main.main(39) End...
22:30:30 main INFO huawei.Main.main(17) Start...
22:33:38 main INFO huawei.Main.main(29) carPath = Data/car.txt roadPath = Data/road.txt crossPath = Data/cross.txt and answerPath = Data/answer.txt
22:33:38 main INFO huawei.Main.main(32) start read input files
22:33:38 main INFO huawei.Main.main(37) Start write output file
22:33:38 main INFO huawei.Main.main(39) End...
22:33:41 main INFO huawei.Main.main(17) Start...
22:35:59 main INFO huawei.Main.main(29) carPath = Data/car.txt roadPath = Data/road.txt crossPath = Data/cross.txt and answerPath = Data/answer.txt
22:35:59 main INFO huawei.Main.main(32) start read input files
22:35:59 main INFO huawei.Main.main(37) Start write output file
22:35:59 main INFO huawei.Main.main(39) End...
22:36:11 main INFO huawei.Main.main(17) Start...
09:53:18 main INFO huawei.Main.main(29) carPath = Data/car.txt roadPath = Data/road.txt crossPath = Data/cross.txt and answerPath = Data/answer.txt
09:53:18 main INFO huawei.Main.main(32) start read input files
09:53:18 main INFO huawei.Main.main(37) Start write output file
09:53:19 main INFO huawei.Main.main(39) End...
15:49:25 main INFO huawei.Main.main(17) Start...
15:49:36 main INFO huawei.Main.main(29) carPath = Data/car.txt roadPath = Data/road.txt crossPath = Data/cross.txt and answerPath = Data/answer.txt
15:49:36 main INFO huawei.Main.main(32) start read input files
15:49:36 main INFO huawei.Main.main(37) Start write output file
15:49:36 main INFO huawei.Main.main(39) End...
15:50:31 main INFO huawei.Main.main(17) Start...
15:50:50 main INFO huawei.Main.main(29) carPath = Data/car.txt roadPath = Data/road.txt crossPath = Data/cross.txt and answerPath = Data/answer.txt
15:50:50 main INFO huawei.Main.main(32) start read input files
15:50:50 main INFO huawei.Main.main(37) Start write output file
15:50:50 main INFO huawei.Main.main(39) End...
16:27:53 main INFO huawei.Main.main(17) Start...
16:28:11 main INFO huawei.Main.main(33) carPath = Data/car.txt roadPath = Data/road.txt crossPath = Data/cross.txt and answerPath = Data/answer.txt
16:28:11 main INFO huawei.Main.main(36) start read input files
16:28:11 main INFO huawei.Main.main(41) Start write output file
16:28:11 main INFO huawei.Main.main(43) End...
16:28:46 main INFO huawei.Main.main(17) Start...
16:29:21 main INFO huawei.Main.main(33) carPath = Data/car.txt roadPath = Data/road.txt crossPath = Data/cross.txt and answerPath = Data/answer.txt
16:29:21 main INFO huawei.Main.main(36) start read input files
16:29:21 main INFO huawei.Main.main(41) Start write output file
16:29:21 main INFO huawei.Main.main(43) End...
16:37:15 main INFO huawei.Main.main(19) Start...
16:40:56 main INFO huawei.Main.main(37) carPath = Data/car.txt roadPath = Data/road.txt crossPath = Data/cross.txt and answerPath = Data/answer.txt
16:40:56 main INFO huawei.Main.main(40) start read input files
16:40:56 main INFO huawei.Main.main(45) Start write output file
16:40:56 main INFO huawei.Main.main(47) End...
17:12:04 main INFO huawei.Main.main(19) Start...
17:20:31 main INFO huawei.Main.main(37) carPath = Data/car.txt roadPath = Data/road.txt crossPath = Data/cross.txt and answerPath = Data/answer.txt
17:20:31 main INFO huawei.Main.main(40) start read input files
17:20:31 main INFO huawei.Main.main(45) Start write output file
17:20:31 main INFO huawei.Main.main(47) End...
20:44:24 main INFO huawei.Main.main(19) Start...
20:59:13 main INFO huawei.Main.main(40) carPath = Data/car.txt roadPath = Data/road.txt crossPath = Data/cross.txt and answerPath = Data/answer.txt
20:59:13 main INFO huawei.Main.main(43) start read input files
20:59:13 main INFO huawei.Main.main(48) Start write output file
20:59:13 main INFO huawei.Main.main(50) End...
21:43:16 main INFO huawei.Main.main(19) Start...
21:44:57 main INFO huawei.Main.main(40) carPath = Data/car.txt roadPath = Data/road.txt crossPath = Data/cross.txt and answerPath = Data/answer.txt
21:44:57 main INFO huawei.Main.main(43) start read input files
21:44:57 main INFO huawei.Main.main(48) Start write output file
21:44:57 main INFO huawei.Main.main(50) End...
21:58:18 main INFO huawei.Main.main(19) Start...
22:18:25 main INFO huawei.Main.main(19) Start...
22:23:26 main INFO huawei.Main.main(19) Start...
22:25:11 main INFO huawei.Main.main(19) Start...
22:27:26 main INFO huawei.Main.main(19) Start...
22:34:25 main INFO huawei.Main.main(19) Start...
22:34:55 main INFO huawei.Main.main(19) Start...
22:35:58 main INFO huawei.Main.main(19) Start...
22:37:59 main INFO huawei.Main.main(19) Start...
22:39:51 main INFO huawei.Main.main(19) Start...
22:45:36 main INFO huawei.Main.main(19) Start...
22:49:40 main INFO huawei.Main.main(19) Start...
22:50:36 main INFO huawei.Main.main(19) Start...
22:57:14 main INFO huawei.Main.main(19) Start...
23:03:41 main INFO huawei.Main.main(19) Start...
23:21:08 main INFO huawei.Main.main(19) Start...
23:23:59 main INFO huawei.Main.main(19) Start...
23:25:10 main INFO huawei.Main.main(19) Start...
23:25:41 main INFO huawei.Main.main(19) Start...
23:27:04 main INFO huawei.Main.main(19) Start...
23:32:08 main INFO huawei.Main.main(19) Start...
23:37:39 main INFO huawei.Main.main(19) Start...
23:41:53 main INFO huawei.Main.main(19) Start...
23:43:02 main INFO huawei.Main.main(42) carPath = Data/car.txt roadPath = Data/road.txt crossPath = Data/cross.txt and answerPath = Data/answer.txt
23:43:02 main INFO huawei.Main.main(45) start read input files
23:43:02 main INFO huawei.Main.main(50) Start write output file
23:43:02 main INFO huawei.Main.main(52) End...
23:43:05 main INFO huawei.Main.main(19) Start...
23:43:22 main INFO huawei.Main.main(42) carPath = Data/car.txt roadPath = Data/road.txt crossPath = Data/cross.txt and answerPath = Data/answer.txt
23:43:22 main INFO huawei.Main.main(45) start read input files
23:43:22 main INFO huawei.Main.main(50) Start write output file
23:43:22 main INFO huawei.Main.main(52) End...
